<?xml version="1.0" encoding="UTF-8"?>
<testsuite name="TestApplication" tests="1" skipped="0" failures="0" errors="0" timestamp="2022-02-07T19:20:59" hostname="MGH-N-1241" time="0.048">
  <properties/>
  <testcase name="sort()" classname="TestApplication" time="0.048"/>
  <system-out><![CDATA[]]></system-out>
  <system-err><![CDATA[]]></system-err>
</testsuite>
